<?xml version="1.0" encoding="UTF-8"?>
<!-- Generated by org.testng.reporters.JUnitXMLReporter -->
<testsuite ignored="0" hostname="admin-PC" failures="1" tests="9" name="Test" time="160.986" errors="0" timestamp="29 Jun 2021 09:10:30 GMT">
  <testcase classname="com.inquisitive.test.Tests.HomePageTest" name="launchHomePageTest" time="5.486"/>
  <testcase classname="com.inquisitive.test.Tests.CreateAnAccountTest" name="createAnUserAccountTest" time="15.453"/>
  <testcase classname="com.inquisitive.test.Tests.CreateAnAccountTest" name="createAnUserAccountTest" time="6.787"/>
  <testcase classname="com.inquisitive.test.Tests.CreateAnAccountTest" name="createAnUserAccountTest" time="10.654"/>
  <testcase classname="com.inquisitive.test.Tests.CreateAnAccountTest" name="createAnUserAccountTest" time="10.728"/>
  <testcase classname="com.inquisitive.test.Tests.UserDetailsTest" name="enterUserDetailsTest" time="7.754"/>
  <testcase classname="com.inquisitive.test.Tests.UserDetailsTest" name="enterUserDetailsTest" time="4.632"/>
  <testcase classname="com.inquisitive.test.Tests.UserDetailsTest" name="enterUserDetailsTest" time="5.977"/>
  <testcase classname="com.inquisitive.test.Tests.SchoolInformationTest" name="enterSchoolInfoDetailsTest" time="18.604">
    <failure type="java.lang.AssertionError" message="Testcase failed!">
      <![CDATA[java.lang.AssertionError: Testcase failed!
at com.inquisitive.test.Tests.SchoolInformationTest.enterSchoolInfoDetailsTest(SchoolInformationTest.java:44)
... Removed 29 stack frames]]>
    </failure>
  </testcase> <!-- enterSchoolInfoDetailsTest -->
</testsuite> <!-- Test -->
