[INFO ] 2021-06-29 19:07:49.542 [main] base - Starting Testcase com.inquisitive.test.Tests.HomePageTest
[INFO ] 2021-06-29 19:08:18.790 [main] HomePageTest - Starting Testcase com.inquisitive.test.Tests.HomePageTest
[INFO ] 2021-06-29 19:08:24.277 [main] base - Finishing Testcasecom.inquisitive.test.Tests.HomePageTest
[INFO ] 2021-06-29 19:08:26.447 [main] base - Starting Testcase com.inquisitive.test.Tests.CreateAnAccountTest
[INFO ] 2021-06-29 19:09:30.419 [main] base - Finishing Testcasecom.inquisitive.test.Tests.CreateAnAccountTest
[INFO ] 2021-06-29 19:09:31.785 [main] base - Starting Testcase com.inquisitive.test.Tests.UserDetailsTest
[INFO ] 2021-06-29 19:09:59.978 [main] base - Finishing Testcasecom.inquisitive.test.Tests.UserDetailsTest
[INFO ] 2021-06-29 19:10:01.306 [main] base - Starting Testcase com.inquisitive.test.Tests.SchoolInformationTest
[ERROR] 2021-06-29 19:10:21.551 [main] SchoolInformationTest - Testcase failed!org.openqa.selenium.NoSuchElementException: no such element: Unable to locate element: {"method":"xpath","selector":"//div[@class='join-planstyle__JoinPlanWrapperStyled-sc-1ujqubt-0 iCKzZl']/h1"}
  (Session info: chrome=91.0.4472.114)
  (Driver info: chromedriver=91.0.4472.101 (af52a90bf87030dd1523486a1cd3ae25c5d76c9b-refs/branch-heads/4472@{#1462}),platform=Windows NT 6.1.7601 SP1 x86_64) (WARNING: The server did not provide any stacktrace information)
Command duration or timeout: 10.02 seconds
For documentation on this error, please visit: http://seleniumhq.org/exceptions/no_such_element.html
Build info: version: '2.48.0', revision: 'b7b081a4f1289f17e8ecd38bc67e137c2a12e34a', time: '2015-10-07 09:50:14'
System info: host: 'admin-PC', ip: '192.168.1.104', os.name: 'Windows 7', os.arch: 'amd64', os.version: '6.1', java.version: '14.0.2'
Driver info: org.openqa.selenium.chrome.ChromeDriver
Capabilities [{mobileEmulationEnabled=false, timeouts={implicit=0, pageLoad=300000, script=30000}, hasTouchScreen=false, platform=XP, acceptSslCerts=false, goog:chromeOptions={debuggerAddress=localhost:56463}, acceptInsecureCerts=false, webStorageEnabled=true, browserName=chrome, takesScreenshot=true, javascriptEnabled=true, setWindowRect=true, webauthn:extension:largeBlob=true, unexpectedAlertBehaviour=ignore, applicationCacheEnabled=false, rotatable=false, networkConnectionEnabled=false, chrome={chromedriverVersion=91.0.4472.101 (af52a90bf87030dd1523486a1cd3ae25c5d76c9b-refs/branch-heads/4472@{#1462}), userDataDir=C:\Users\admin\AppData\Local\Temp\scoped_dir4788_354539561}, takesHeapSnapshot=true, pageLoadStrategy=normal, strictFileInteractability=false, databaseEnabled=false, handlesAlerts=true, version=91.0.4472.114, browserConnectionEnabled=false, proxy={}, nativeEvents=true, locationContextEnabled=true, cssSelectorsEnabled=true, webauthn:virtualAuthenticators=true}]
Session ID: 01f15110e3b7d50d2ff1fbf7993a8f55
*** Element info: {Using=xpath, value=//div[@class='join-planstyle__JoinPlanWrapperStyled-sc-1ujqubt-0 iCKzZl']/h1}
[INFO ] 2021-06-29 19:10:22.963 [main] base - Starting Testcase com.inquisitive.test.Tests.SchoolInformationTest
[INFO ] 2021-06-29 19:10:28.908 [main] base - Finishing Testcasecom.inquisitive.test.Tests.SchoolInformationTest
