<?xml version="1.0" encoding="UTF-8"?>
<testng-results ignored="0" total="9" passed="8" failed="1" skipped="0">
  <reporter-output>
  </reporter-output>
  <suite started-at="2021-06-29T09:07:49Z" name="inquisitiveTestSuite" finished-at="2021-06-29T09:10:30Z" duration-ms="160986">
    <groups>
    </groups>
    <test started-at="2021-06-29T09:07:49Z" name="Test" finished-at="2021-06-29T09:10:30Z" duration-ms="160986">
      <class name="com.inquisitive.test.Tests.SchoolInformationTest">
        <test-method is-config="true" signature="setup()[pri:0, instance:com.inquisitive.test.Tests.SchoolInformationTest@5c08c46a]" started-at="2021-06-29T09:10:01Z" name="setup" finished-at="2021-06-29T09:10:06Z" duration-ms="5591" status="PASS">
          <reporter-output>
          </reporter-output>
        </test-method> <!-- setup -->
        <test-method is-config="true" signature="navigateToSchoolInfoPage()[pri:0, instance:com.inquisitive.test.Tests.SchoolInformationTest@5c08c46a]" started-at="2021-06-29T09:10:06Z" name="navigateToSchoolInfoPage" finished-at="2021-06-29T09:10:10Z" duration-ms="3240" status="PASS">
          <reporter-output>
          </reporter-output>
        </test-method> <!-- navigateToSchoolInfoPage -->
        <test-method signature="enterSchoolInfoDetailsTest()[pri:0, instance:com.inquisitive.test.Tests.SchoolInformationTest@5c08c46a]" started-at="2021-06-29T09:10:10Z" name="enterSchoolInfoDetailsTest" finished-at="2021-06-29T09:10:28Z" duration-ms="18604" status="FAIL">
          <exception class="java.lang.AssertionError">
            <message>
              <![CDATA[Testcase failed!]]>
            </message>
            <full-stacktrace>
              <![CDATA[java.lang.AssertionError: Testcase failed!
at org.testng.Assert.fail(Assert.java:96)
at com.inquisitive.test.Tests.SchoolInformationTest.enterSchoolInfoDetailsTest(SchoolInformationTest.java:44)
at java.base/jdk.internal.reflect.NativeMethodAccessorImpl.invoke0(Native Method)
at java.base/jdk.internal.reflect.NativeMethodAccessorImpl.invoke(NativeMethodAccessorImpl.java:62)
at java.base/jdk.internal.reflect.DelegatingMethodAccessorImpl.invoke(DelegatingMethodAccessorImpl.java:43)
at java.base/java.lang.reflect.Method.invoke(Method.java:564)
at org.testng.internal.MethodInvocationHelper.invokeMethod(MethodInvocationHelper.java:124)
at org.testng.internal.Invoker.invokeMethod(Invoker.java:583)
at org.testng.internal.Invoker.invokeTestMethod(Invoker.java:719)
at org.testng.internal.Invoker.invokeTestMethods(Invoker.java:989)
at org.testng.internal.TestMethodWorker.invokeTestMethods(TestMethodWorker.java:125)
at org.testng.internal.TestMethodWorker.run(TestMethodWorker.java:109)
at org.testng.TestRunner.privateRun(TestRunner.java:648)
at org.testng.TestRunner.run(TestRunner.java:505)
at org.testng.SuiteRunner.runTest(SuiteRunner.java:455)
at org.testng.SuiteRunner.runSequentially(SuiteRunner.java:450)
at org.testng.SuiteRunner.privateRun(SuiteRunner.java:415)
at org.testng.SuiteRunner.run(SuiteRunner.java:364)
at org.testng.SuiteRunnerWorker.runSuite(SuiteRunnerWorker.java:52)
at org.testng.SuiteRunnerWorker.run(SuiteRunnerWorker.java:84)
at org.testng.TestNG.runSuitesSequentially(TestNG.java:1208)
at org.testng.TestNG.runSuitesLocally(TestNG.java:1137)
at org.testng.TestNG.runSuites(TestNG.java:1049)
at org.testng.TestNG.run(TestNG.java:1017)
at org.apache.maven.surefire.testng.TestNGExecutor.run(TestNGExecutor.java:283)
at org.apache.maven.surefire.testng.TestNGXmlTestSuite.execute(TestNGXmlTestSuite.java:75)
at org.apache.maven.surefire.testng.TestNGProvider.invoke(TestNGProvider.java:120)
at org.apache.maven.surefire.booter.ForkedBooter.invokeProviderInSameClassLoader(ForkedBooter.java:386)
at org.apache.maven.surefire.booter.ForkedBooter.runSuitesInProcess(ForkedBooter.java:323)
at org.apache.maven.surefire.booter.ForkedBooter.main(ForkedBooter.java:143)
]]>
            </full-stacktrace>
          </exception> <!-- java.lang.AssertionError -->
          <reporter-output>
          </reporter-output>
        </test-method> <!-- enterSchoolInfoDetailsTest -->
        <test-method is-config="true" signature="finish()[pri:0, instance:com.inquisitive.test.Tests.SchoolInformationTest@5c08c46a]" started-at="2021-06-29T09:10:28Z" name="finish" finished-at="2021-06-29T09:10:30Z" duration-ms="1594" status="PASS">
          <reporter-output>
          </reporter-output>
        </test-method> <!-- finish -->
      </class> <!-- com.inquisitive.test.Tests.SchoolInformationTest -->
      <class name="com.inquisitive.test.Tests.UserDetailsTest">
        <test-method is-config="true" signature="setup()[pri:0, instance:com.inquisitive.test.Tests.UserDetailsTest@5cbe877d]" started-at="2021-06-29T09:09:31Z" name="setup" finished-at="2021-06-29T09:09:38Z" duration-ms="6804" status="PASS">
          <reporter-output>
          </reporter-output>
        </test-method> <!-- setup -->
        <test-method is-config="true" signature="navigateToUserDetailsPage()[pri:0, instance:com.inquisitive.test.Tests.UserDetailsTest@5cbe877d]" started-at="2021-06-29T09:09:38Z" name="navigateToUserDetailsPage" finished-at="2021-06-29T09:09:39Z" duration-ms="1093" status="PASS">
          <reporter-output>
          </reporter-output>
        </test-method> <!-- navigateToUserDetailsPage -->
        <test-method signature="enterUserDetailsTest(java.lang.String, java.lang.String, java.lang.String, java.lang.String)[pri:0, instance:com.inquisitive.test.Tests.UserDetailsTest@5cbe877d]" started-at="2021-06-29T09:09:39Z" name="enterUserDetailsTest" data-provider="enterUser" finished-at="2021-06-29T09:09:47Z" duration-ms="7754" status="PASS">
          <params>
            <param index="0">
              <value>
                <![CDATA[CorrectUser]]>
              </value>
            </param>
            <param index="1">
              <value>
                <![CDATA[Mr]]>
              </value>
            </param>
            <param index="2">
              <value>
                <![CDATA[Phillip]]>
              </value>
            </param>
            <param index="3">
              <value>
                <![CDATA[J]]>
              </value>
            </param>
          </params>
          <reporter-output>
          </reporter-output>
        </test-method> <!-- enterUserDetailsTest -->
        <test-method is-config="true" signature="navigateToUserDetailsPage()[pri:0, instance:com.inquisitive.test.Tests.UserDetailsTest@5cbe877d]" started-at="2021-06-29T09:09:47Z" name="navigateToUserDetailsPage" finished-at="2021-06-29T09:09:48Z" duration-ms="1054" status="PASS">
          <reporter-output>
          </reporter-output>
        </test-method> <!-- navigateToUserDetailsPage -->
        <test-method signature="enterUserDetailsTest(java.lang.String, java.lang.String, java.lang.String, java.lang.String)[pri:0, instance:com.inquisitive.test.Tests.UserDetailsTest@5cbe877d]" started-at="2021-06-29T09:09:48Z" name="enterUserDetailsTest" data-provider="enterUser" finished-at="2021-06-29T09:09:53Z" duration-ms="4632" status="PASS">
          <params>
            <param index="0">
              <value>
                <![CDATA[FirstNameMissing]]>
              </value>
            </param>
            <param index="1">
              <value>
                <![CDATA[Miss]]>
              </value>
            </param>
            <param index="2">
              <value>
                <![CDATA[]]>
              </value>
            </param>
            <param index="3">
              <value>
                <![CDATA[R]]>
              </value>
            </param>
          </params>
          <reporter-output>
          </reporter-output>
        </test-method> <!-- enterUserDetailsTest -->
        <test-method is-config="true" signature="navigateToUserDetailsPage()[pri:0, instance:com.inquisitive.test.Tests.UserDetailsTest@5cbe877d]" started-at="2021-06-29T09:09:53Z" name="navigateToUserDetailsPage" finished-at="2021-06-29T09:09:53Z" duration-ms="819" status="PASS">
          <reporter-output>
          </reporter-output>
        </test-method> <!-- navigateToUserDetailsPage -->
        <test-method signature="enterUserDetailsTest(java.lang.String, java.lang.String, java.lang.String, java.lang.String)[pri:0, instance:com.inquisitive.test.Tests.UserDetailsTest@5cbe877d]" started-at="2021-06-29T09:09:54Z" name="enterUserDetailsTest" data-provider="enterUser" finished-at="2021-06-29T09:09:59Z" duration-ms="5977" status="PASS">
          <params>
            <param index="0">
              <value>
                <![CDATA[LastNameMissing]]>
              </value>
            </param>
            <param index="1">
              <value>
                <![CDATA[Mrs]]>
              </value>
            </param>
            <param index="2">
              <value>
                <![CDATA[Emma]]>
              </value>
            </param>
            <param index="3">
              <value>
                <![CDATA[]]>
              </value>
            </param>
          </params>
          <reporter-output>
          </reporter-output>
        </test-method> <!-- enterUserDetailsTest -->
        <test-method is-config="true" signature="finish()[pri:0, instance:com.inquisitive.test.Tests.UserDetailsTest@5cbe877d]" started-at="2021-06-29T09:09:59Z" name="finish" finished-at="2021-06-29T09:10:01Z" duration-ms="1328" status="PASS">
          <reporter-output>
          </reporter-output>
        </test-method> <!-- finish -->
      </class> <!-- com.inquisitive.test.Tests.UserDetailsTest -->
      <class name="com.inquisitive.test.Tests.HomePageTest">
        <test-method is-config="true" signature="setup()[pri:0, instance:com.inquisitive.test.Tests.HomePageTest@7e8dcdaa]" started-at="2021-06-29T09:07:49Z" name="setup" finished-at="2021-06-29T09:08:18Z" duration-ms="29245" status="PASS">
          <reporter-output>
          </reporter-output>
        </test-method> <!-- setup -->
        <test-method signature="launchHomePageTest()[pri:0, instance:com.inquisitive.test.Tests.HomePageTest@7e8dcdaa]" started-at="2021-06-29T09:08:18Z" name="launchHomePageTest" finished-at="2021-06-29T09:08:24Z" duration-ms="5486" status="PASS">
          <reporter-output>
          </reporter-output>
        </test-method> <!-- launchHomePageTest -->
        <test-method is-config="true" signature="finish()[pri:0, instance:com.inquisitive.test.Tests.HomePageTest@7e8dcdaa]" started-at="2021-06-29T09:08:24Z" name="finish" finished-at="2021-06-29T09:08:26Z" duration-ms="2169" status="PASS">
          <reporter-output>
          </reporter-output>
        </test-method> <!-- finish -->
      </class> <!-- com.inquisitive.test.Tests.HomePageTest -->
      <class name="com.inquisitive.test.Tests.CreateAnAccountTest">
        <test-method is-config="true" signature="setup()[pri:0, instance:com.inquisitive.test.Tests.CreateAnAccountTest@681a8b4e]" started-at="2021-06-29T09:08:26Z" name="setup" finished-at="2021-06-29T09:08:40Z" duration-ms="14185" status="PASS">
          <reporter-output>
          </reporter-output>
        </test-method> <!-- setup -->
        <test-method is-config="true" signature="navigateToCreateAccountPage()[pri:0, instance:com.inquisitive.test.Tests.CreateAnAccountTest@681a8b4e]" started-at="2021-06-29T09:08:42Z" name="navigateToCreateAccountPage" finished-at="2021-06-29T09:08:42Z" duration-ms="392" status="PASS">
          <reporter-output>
          </reporter-output>
        </test-method> <!-- navigateToCreateAccountPage -->
        <test-method signature="createAnUserAccountTest(java.lang.String, java.lang.String, java.lang.String)[pri:0, instance:com.inquisitive.test.Tests.CreateAnAccountTest@681a8b4e]" started-at="2021-06-29T09:08:42Z" name="createAnUserAccountTest" data-provider="createAnUser" finished-at="2021-06-29T09:08:58Z" duration-ms="15453" status="PASS">
          <params>
            <param index="0">
              <value>
                <![CDATA[CorrectEmail]]>
              </value>
            </param>
            <param index="1">
              <value>
                <![CDATA[celin.test1@inquisitive.com ]]>
              </value>
            </param>
            <param index="2">
              <value>
                <![CDATA[Welcome1234]]>
              </value>
            </param>
          </params>
          <reporter-output>
          </reporter-output>
        </test-method> <!-- createAnUserAccountTest -->
        <test-method is-config="true" signature="navigateToCreateAccountPage()[pri:0, instance:com.inquisitive.test.Tests.CreateAnAccountTest@681a8b4e]" started-at="2021-06-29T09:08:58Z" name="navigateToCreateAccountPage" finished-at="2021-06-29T09:08:58Z" duration-ms="402" status="PASS">
          <reporter-output>
          </reporter-output>
        </test-method> <!-- navigateToCreateAccountPage -->
        <test-method signature="createAnUserAccountTest(java.lang.String, java.lang.String, java.lang.String)[pri:0, instance:com.inquisitive.test.Tests.CreateAnAccountTest@681a8b4e]" started-at="2021-06-29T09:08:58Z" name="createAnUserAccountTest" data-provider="createAnUser" finished-at="2021-06-29T09:09:05Z" duration-ms="6787" status="PASS">
          <params>
            <param index="0">
              <value>
                <![CDATA[IncorrectEmail]]>
              </value>
            </param>
            <param index="1">
              <value>
                <![CDATA[celin.test2]]>
              </value>
            </param>
            <param index="2">
              <value>
                <![CDATA[Welcome1234]]>
              </value>
            </param>
          </params>
          <reporter-output>
          </reporter-output>
        </test-method> <!-- createAnUserAccountTest -->
        <test-method is-config="true" signature="navigateToCreateAccountPage()[pri:0, instance:com.inquisitive.test.Tests.CreateAnAccountTest@681a8b4e]" started-at="2021-06-29T09:09:05Z" name="navigateToCreateAccountPage" finished-at="2021-06-29T09:09:08Z" duration-ms="3210" status="PASS">
          <reporter-output>
          </reporter-output>
        </test-method> <!-- navigateToCreateAccountPage -->
        <test-method signature="createAnUserAccountTest(java.lang.String, java.lang.String, java.lang.String)[pri:0, instance:com.inquisitive.test.Tests.CreateAnAccountTest@681a8b4e]" started-at="2021-06-29T09:09:08Z" name="createAnUserAccountTest" data-provider="createAnUser" finished-at="2021-06-29T09:09:19Z" duration-ms="10654" status="PASS">
          <params>
            <param index="0">
              <value>
                <![CDATA[InvalidEducationEmail]]>
              </value>
            </param>
            <param index="1">
              <value>
                <![CDATA[celin.test3@gmail.com ]]>
              </value>
            </param>
            <param index="2">
              <value>
                <![CDATA[Welcome1234]]>
              </value>
            </param>
          </params>
          <reporter-output>
          </reporter-output>
        </test-method> <!-- createAnUserAccountTest -->
        <test-method is-config="true" signature="navigateToCreateAccountPage()[pri:0, instance:com.inquisitive.test.Tests.CreateAnAccountTest@681a8b4e]" started-at="2021-06-29T09:09:19Z" name="navigateToCreateAccountPage" finished-at="2021-06-29T09:09:19Z" duration-ms="355" status="PASS">
          <reporter-output>
          </reporter-output>
        </test-method> <!-- navigateToCreateAccountPage -->
        <test-method signature="createAnUserAccountTest(java.lang.String, java.lang.String, java.lang.String)[pri:0, instance:com.inquisitive.test.Tests.CreateAnAccountTest@681a8b4e]" started-at="2021-06-29T09:09:19Z" name="createAnUserAccountTest" data-provider="createAnUser" finished-at="2021-06-29T09:09:30Z" duration-ms="10728" status="PASS">
          <params>
            <param index="0">
              <value>
                <![CDATA[IncorrectPassword]]>
              </value>
            </param>
            <param index="1">
              <value>
                <![CDATA[celin.test2@inquisitive.com ]]>
              </value>
            </param>
            <param index="2">
              <value>
                <![CDATA[Welcome]]>
              </value>
            </param>
          </params>
          <reporter-output>
          </reporter-output>
        </test-method> <!-- createAnUserAccountTest -->
        <test-method is-config="true" signature="finish()[pri:0, instance:com.inquisitive.test.Tests.CreateAnAccountTest@681a8b4e]" started-at="2021-06-29T09:09:30Z" name="finish" finished-at="2021-06-29T09:09:31Z" duration-ms="1366" status="PASS">
          <reporter-output>
          </reporter-output>
        </test-method> <!-- finish -->
      </class> <!-- com.inquisitive.test.Tests.CreateAnAccountTest -->
    </test> <!-- Test -->
  </suite> <!-- inquisitiveTestSuite -->
</testng-results>
